 Parameter mdl_ckmlambda        has been read with value 2.265000e-01        
 Parameter mdl_ckma             has been read with value 7.900000e-01        
 Parameter mdl_ckmrho           has been read with value 1.410000e-01        
 Parameter mdl_ckmeta           has been read with value 3.570000e-01        
 Parameter mdl_md               has been read with value 4.670000e-03        
 Parameter mdl_mu               has been read with value 2.160000e-03        
 Parameter mdl_ms               has been read with value 9.300000e-02        
 Parameter mdl_mc               has been read with value 1.270000e+00        
 Parameter mdl_mb               has been read with value 4.180000e+00        
 Parameter mdl_mt               has been read with value 1.727600e+02        
 Parameter mdl_me               has been read with value 5.110000e-04        
 Parameter mdl_mmu              has been read with value 1.056600e-01        
 Parameter mdl_mta              has been read with value 1.777000e+00        
 Parameter mdl_mz               has been read with value 9.118760e+01        
 Parameter mdl_mh               has been read with value 1.250900e+02        
 Parameter mdl_cg               has been read with value 0.000000e+00        
 Parameter mdl_cw               has been read with value 0.000000e+00        
 Parameter mdl_ch               has been read with value 0.000000e+00        
 Parameter mdl_chbox            has been read with value 0.000000e+00        
 Parameter mdl_chdd             has been read with value 0.000000e+00        
 Parameter mdl_chg              has been read with value 0.000000e+00        
 Parameter mdl_chw              has been read with value 0.000000e+00        
 Parameter mdl_chb              has been read with value 0.000000e+00        
 Parameter mdl_chwb             has been read with value 0.000000e+00        
 Parameter mdl_cehre            has been read with value 0.000000e+00        
 Parameter mdl_cuhre            has been read with value 0.000000e+00        
 Parameter mdl_cdhre            has been read with value 0.000000e+00        
 Parameter mdl_cewre            has been read with value 0.000000e+00        
 Parameter mdl_cebre            has been read with value 0.000000e+00        
 Parameter mdl_cugre            has been read with value 0.000000e+00        
 Parameter mdl_cuwre            has been read with value 0.000000e+00        
 Parameter mdl_cubre            has been read with value 0.000000e+00        
 Parameter mdl_cdgre            has been read with value 0.000000e+00        
 Parameter mdl_cdwre            has been read with value 0.000000e+00        
 Parameter mdl_cdbre            has been read with value 0.000000e+00        
 Parameter mdl_chl1             has been read with value 0.000000e+00        
 Parameter mdl_chl3             has been read with value 0.000000e+00        
 Parameter mdl_che              has been read with value 0.000000e+00        
 Parameter mdl_chq1             has been read with value 0.000000e+00        
 Parameter mdl_chq3             has been read with value 0.000000e+00        
 Parameter mdl_chu              has been read with value 1.000000e-01        
 Parameter mdl_chd              has been read with value 1.000000e-01        
 Parameter mdl_chudre           has been read with value 0.000000e+00        
 Parameter mdl_cll              has been read with value 0.000000e+00        
 Parameter mdl_cll1             has been read with value 0.000000e+00        
 Parameter mdl_cqq1             has been read with value 0.000000e+00        
 Parameter mdl_cqq11            has been read with value 0.000000e+00        
 Parameter mdl_cqq3             has been read with value 0.000000e+00        
 Parameter mdl_cqq31            has been read with value 0.000000e+00        
 Parameter mdl_clq1             has been read with value 0.000000e+00        
 Parameter mdl_clq3             has been read with value 0.000000e+00        
 Parameter mdl_cee              has been read with value 0.000000e+00        
 Parameter mdl_cuu              has been read with value 0.000000e+00        
 Parameter mdl_cuu1             has been read with value 0.000000e+00        
 Parameter mdl_cdd              has been read with value 0.000000e+00        
 Parameter mdl_cdd1             has been read with value 0.000000e+00        
 Parameter mdl_ceu              has been read with value 0.000000e+00        
 Parameter mdl_ced              has been read with value 0.000000e+00        
 Parameter mdl_cud1             has been read with value 0.000000e+00        
 Parameter mdl_cud8             has been read with value 0.000000e+00        
 Parameter mdl_cle              has been read with value 0.000000e+00        
 Parameter mdl_clu              has been read with value 0.000000e+00        
 Parameter mdl_cld              has been read with value 0.000000e+00        
 Parameter mdl_cqe              has been read with value 0.000000e+00        
 Parameter mdl_cqu1             has been read with value 0.000000e+00        
 Parameter mdl_cqu8             has been read with value 0.000000e+00        
 Parameter mdl_cqd1             has been read with value 0.000000e+00        
 Parameter mdl_cqd8             has been read with value 0.000000e+00        
 Parameter mdl_cledqre          has been read with value 0.000000e+00        
 Parameter mdl_cquqd1re         has been read with value 0.000000e+00        
 Parameter mdl_cquqd11re        has been read with value 0.000000e+00        
 Parameter mdl_cquqd8re         has been read with value 0.000000e+00        
 Parameter mdl_cquqd81re        has been read with value 0.000000e+00        
 Parameter mdl_clequ1re         has been read with value 0.000000e+00        
 Parameter mdl_clequ3re         has been read with value 0.000000e+00        
 Parameter mdl_cgtil            has been read with value 0.000000e+00        
 Parameter mdl_cwtil            has been read with value 0.000000e+00        
 Parameter mdl_chgtil           has been read with value 0.000000e+00        
 Parameter mdl_chwtil           has been read with value 0.000000e+00        
 Parameter mdl_chbtil           has been read with value 0.000000e+00        
 Parameter mdl_chwbtil          has been read with value 0.000000e+00        
 Parameter mdl_cewim            has been read with value 0.000000e+00        
 Parameter mdl_cebim            has been read with value 0.000000e+00        
 Parameter mdl_cugim            has been read with value 0.000000e+00        
 Parameter mdl_cuwim            has been read with value 0.000000e+00        
 Parameter mdl_cubim            has been read with value 0.000000e+00        
 Parameter mdl_cdgim            has been read with value 0.000000e+00        
 Parameter mdl_cdwim            has been read with value 0.000000e+00        
 Parameter mdl_cdbim            has been read with value 0.000000e+00        
 Parameter mdl_chudim           has been read with value 0.000000e+00        
 Parameter mdl_cehim            has been read with value 0.000000e+00        
 Parameter mdl_cuhim            has been read with value 0.000000e+00        
 Parameter mdl_cdhim            has been read with value 0.000000e+00        
 Parameter mdl_cledqim          has been read with value 0.000000e+00        
 Parameter mdl_cquqd1im         has been read with value 0.000000e+00        
 Parameter mdl_cquqd8im         has been read with value 0.000000e+00        
 Parameter mdl_cquqd11im        has been read with value 0.000000e+00        
 Parameter mdl_cquqd81im        has been read with value 0.000000e+00        
 Parameter mdl_clequ1im         has been read with value 0.000000e+00        
 Parameter mdl_clequ3im         has been read with value 0.000000e+00        
 Parameter mdl_lambdasmeft      has been read with value 1.000000e+03        
 Parameter mdl_mw               has been read with value 8.038700e+01        
 Parameter mdl_gf               has been read with value 1.166379e-05        
 Parameter as                   has been read with value 1.179000e-01        
 Parameter mdl_linearpropcorrec has been read with value 0.000000e+00        
 Parameter mdl_ymdo             has been read with value 4.670000e-03        
 Parameter mdl_ymup             has been read with value 2.160000e-03        
 Parameter mdl_yms              has been read with value 9.300000e-02        
 Parameter mdl_ymc              has been read with value 1.270000e+00        
 Parameter mdl_ymb              has been read with value 4.180000e+00        
 Parameter mdl_ymt              has been read with value 1.727600e+02        
 Parameter mdl_yme              has been read with value 5.110000e-04        
 Parameter mdl_ymm              has been read with value 1.056600e-01        
 Parameter mdl_ymtau            has been read with value 1.777000e+00        
 Parameter mdl_wt               has been read with value 1.330000e+00        
 Parameter mdl_wz               has been read with value 2.495200e+00        
 Parameter mdl_ww               has been read with value 2.085000e+00        
 Parameter mdl_wh               has been read with value 4.070000e-03        
